{"/Users/omoyomo/turing/Mod4/GalleryOfTheReal/src/App.vue": {"path":"/Users/omoyomo/turing/Mod4/GalleryOfTheReal/src/App.vue","statementMap":{"0":{"start":{"line":2,"column":0},"end":{"line":null,"column":-1}},"1":{"start":{"line":3,"column":0},"end":{"line":null,"column":-1}},"2":{"start":{"line":4,"column":0},"end":{"line":null,"column":-1}},"3":{"start":{"line":5,"column":0},"end":{"line":null,"column":-1}},"4":{"start":{"line":6,"column":0},"end":{"line":null,"column":-1}},"5":{"start":{"line":15,"column":4},"end":{"line":null,"column":-1}},"6":{"start":{"line":25,"column":25},"end":{"line":null,"column":-1}},"7":{"start":{"line":26,"column":6},"end":{"line":null,"column":-1}},"8":{"start":{"line":28,"column":10},"end":{"line":null,"column":-1}},"9":{"start":{"line":30,"column":15},"end":{"line":null,"column":-1}},"10":{"start":{"line":32,"column":10},"end":{"line":null,"column":-1}},"11":{"start":{"line":36,"column":33},"end":{"line":null,"column":-1}},"12":{"start":{"line":37,"column":6},"end":{"line":null,"column":-1}},"13":{"start":{"line":38,"column":8},"end":{"line":42,"column":9}},"14":{"start":{"line":39,"column":10},"end":{"line":null,"column":-1}},"15":{"start":{"line":40,"column":12},"end":{"line":null,"column":-1}}},"fnMap":{"0":{"name":"data","decl":{"start":{"line":8,"column":15},"end":{"line":14,"column":8}},"loc":{"start":{"line":14,"column":9},"end":{"line":8,"column":15}}},"1":{"name":"getArtistObjects","decl":{"start":{"line":23,"column":11},"end":{"line":25,"column":20}},"loc":{"start":{"line":25,"column":25},"end":{"line":23,"column":11}}},"2":{"name":"(anonymous_3)","decl":{"start":{"line":27,"column":14},"end":{"line":27,"column":25}},"loc":{"start":{"line":27,"column":26},"end":{"line":26,"column":13}}},"3":{"name":"(anonymous_4)","decl":{"start":{"line":30,"column":15},"end":{"line":null,"column":-1}},"loc":{"start":{"line":30,"column":15},"end":{"line":26,"column":13}}},"4":{"name":"(anonymous_5)","decl":{"start":{"line":31,"column":17},"end":{"line":31,"column":22}},"loc":{"start":{"line":31,"column":23},"end":{"line":26,"column":13}}},"5":{"name":"getImages","decl":{"start":{"line":36,"column":15},"end":{"line":36,"column":23}},"loc":{"start":{"line":36,"column":33},"end":{"line":44,"column":5}}},"6":{"name":"(anonymous_7)","decl":{"start":{"line":37,"column":29},"end":{"line":37,"column":38}},"loc":{"start":{"line":37,"column":39},"end":{"line":37,"column":13}}},"7":{"name":"(anonymous_8)","decl":{"start":{"line":39,"column":32},"end":{"line":39,"column":40}},"loc":{"start":{"line":39,"column":41},"end":{"line":39,"column":10}}}},"branchMap":{"0":{"loc":{"start":{"line":38,"column":8},"end":{"line":42,"column":9}},"type":"if","locations":[{"start":{"line":38,"column":8},"end":{"line":42,"column":9}},{"start":{"line":38,"column":8},"end":{"line":42,"column":9}}]}},"s":{"0":1,"1":1,"2":1,"3":1,"4":1,"5":1,"6":0,"7":0,"8":0,"9":0,"10":0,"11":0,"12":0,"13":0,"14":0,"15":0},"f":{"0":1,"1":0,"2":0,"3":0,"4":0,"5":0,"6":0,"7":0},"b":{"0":[0,0]}}
,"/Users/omoyomo/turing/Mod4/GalleryOfTheReal/src/assets/apiKey.js": {"path":"/Users/omoyomo/turing/Mod4/GalleryOfTheReal/src/assets/apiKey.js","statementMap":{"0":{"start":{"line":1,"column":15},"end":{"line":1,"column":53}},"1":{"start":{"line":3,"column":0},"end":{"line":3,"column":24}}},"fnMap":{},"branchMap":{},"s":{"0":1,"1":1},"f":{},"b":{},"_coverageSchema":"332fd63041d2c1bcb487cc26dd0d5f7d97098a6c","hash":"a6279d219317104a6875ca3e504623faa9e380cc"}
,"/Users/omoyomo/turing/Mod4/GalleryOfTheReal/src/services/GetGallery.js": {"path":"/Users/omoyomo/turing/Mod4/GalleryOfTheReal/src/services/GetGallery.js","statementMap":{"0":{"start":{"line":5,"column":4},"end":{"line":7,"column":7}},"1":{"start":{"line":6,"column":6},"end":{"line":6,"column":27}}},"fnMap":{"0":{"name":"(anonymous_0)","decl":{"start":{"line":5,"column":31},"end":{"line":5,"column":32}},"loc":{"start":{"line":5,"column":43},"end":{"line":7,"column":5}},"line":5}},"branchMap":{},"s":{"0":0,"1":0},"f":{"0":0},"b":{},"_coverageSchema":"332fd63041d2c1bcb487cc26dd0d5f7d97098a6c","hash":"5f97e8ebc28429c61f2867a17da61a1afc0d5457"}
}
