TN:
SF:/Users/omoyomo/turing/Mod4/GalleryOfTheReal/src/App.vue
FN:8,data
FN:23,getArtistObjects
FN:27,(anonymous_3)
FN:30,(anonymous_4)
FN:31,(anonymous_5)
FN:36,getImages
FN:37,(anonymous_7)
FN:39,(anonymous_8)
FNF:8
FNH:1
FNDA:1,data
FNDA:0,getArtistObjects
FNDA:0,(anonymous_3)
FNDA:0,(anonymous_4)
FNDA:0,(anonymous_5)
FNDA:0,getImages
FNDA:0,(anonymous_7)
FNDA:0,(anonymous_8)
DA:2,1
DA:3,1
DA:4,1
DA:5,1
DA:6,1
DA:15,1
DA:25,0
DA:26,0
DA:28,0
DA:30,0
DA:32,0
DA:36,0
DA:37,0
DA:38,0
DA:39,0
DA:40,0
LF:16
LH:6
BRDA:38,0,0,0
BRDA:38,0,1,0
BRF:2
BRH:0
end_of_record
TN:
SF:/Users/omoyomo/turing/Mod4/GalleryOfTheReal/src/assets/apiKey.js
FNF:0
FNH:0
DA:1,1
DA:3,1
LF:2
LH:2
BRF:0
BRH:0
end_of_record
TN:
SF:/Users/omoyomo/turing/Mod4/GalleryOfTheReal/src/services/GetGallery.js
FN:5,(anonymous_0)
FNF:1
FNH:0
FNDA:0,(anonymous_0)
DA:5,0
DA:6,0
LF:2
LH:0
BRF:0
BRH:0
end_of_record
